<?xml version="1.0" encoding="UTF-8"?>
<testng-results ignored="0" total="0" passed="0" failed="0" skipped="0">
  <reporter-output>
  </reporter-output>
  <suite started-at="2021-04-17T20:44:44 EDT" name="Adhoc" finished-at="2021-04-17T20:44:44 EDT" duration-ms="0">
    <groups>
      <group name="Regression">
        <method signature="Amazonofsign.Regression()[pri:0, instance:AmazonRgressionSteps.Amazonofsign@2f112965]" name="Regression" class="AmazonRgressionSteps.Amazonofsign"/>
      </group> <!-- Regression -->
      <group name="Adhoc">
        <method signature="Amazonofsign.Adhocofexexution()[pri:0, instance:AmazonRgressionSteps.Amazonofsign@2f112965]" name="Adhocofexexution" class="AmazonRgressionSteps.Amazonofsign"/>
      </group> <!-- Adhoc -->
      <group name="Functionaltesting">
        <method signature="Amazonofsign.f()[pri:0, instance:AmazonRgressionSteps.Amazonofsign@2f112965]" name="f" class="AmazonRgressionSteps.Amazonofsign"/>
      </group> <!-- Functionaltesting -->
    </groups>
  </suite> <!-- Adhoc -->
</testng-results>
