<?xml version="1.0" encoding="UTF-8"?>
<testng-results ignored="0" total="3" passed="3" failed="0" skipped="0">
  <reporter-output>
  </reporter-output>
  <suite started-at="2021-04-17T10:58:14 EDT" name="Adhoc" finished-at="2021-04-17T10:58:26 EDT" duration-ms="12093">
    <groups>
      <group name="Regression">
        <method signature="Amazonofsign.Regression()[pri:0, instance:AmazonRgressionSteps.Amazonofsign@2f112965]" name="Regression" class="AmazonRgressionSteps.Amazonofsign"/>
      </group> <!-- Regression -->
      <group name="Adhoc">
        <method signature="Amazonofsign.Adhocofexexution()[pri:0, instance:AmazonRgressionSteps.Amazonofsign@2f112965]" name="Adhocofexexution" class="AmazonRgressionSteps.Amazonofsign"/>
      </group> <!-- Adhoc -->
      <group name="Functionaltesting">
        <method signature="Amazonofsign.f()[pri:0, instance:AmazonRgressionSteps.Amazonofsign@2f112965]" name="f" class="AmazonRgressionSteps.Amazonofsign"/>
      </group> <!-- Functionaltesting -->
    </groups>
    <test started-at="2021-04-17T10:58:14 EDT" name="functionsofchrome" finished-at="2021-04-17T10:58:26 EDT" duration-ms="12093">
      <class name="AmazonRgressionSteps.Amazonofsign">
        <test-method is-config="true" signature="browsers(java.lang.String, java.lang.String)[pri:0, instance:AmazonRgressionSteps.Amazonofsign@2f112965]" started-at="2021-04-17T10:58:14 EDT" name="browsers" finished-at="2021-04-17T10:58:18 EDT" duration-ms="4007" status="PASS">
          <params>
            <param index="0">
              <value>
                <![CDATA[Chrome]]>
              </value>
            </param>
            <param index="1">
              <value>
                <![CDATA[https://www.facebook.com]]>
              </value>
            </param>
          </params>
          <reporter-output>
          </reporter-output>
        </test-method> <!-- browsers -->
        <test-method signature="Adhocofexexution()[pri:0, instance:AmazonRgressionSteps.Amazonofsign@2f112965]" started-at="2021-04-17T10:58:18 EDT" name="Adhocofexexution" finished-at="2021-04-17T10:58:18 EDT" duration-ms="27" status="PASS">
          <reporter-output>
          </reporter-output>
        </test-method> <!-- Adhocofexexution -->
        <test-method signature="Regression()[pri:0, instance:AmazonRgressionSteps.Amazonofsign@2f112965]" started-at="2021-04-17T10:58:18 EDT" name="Regression" finished-at="2021-04-17T10:58:18 EDT" duration-ms="1" status="PASS">
          <reporter-output>
          </reporter-output>
        </test-method> <!-- Regression -->
        <test-method signature="f()[pri:0, instance:AmazonRgressionSteps.Amazonofsign@2f112965]" started-at="2021-04-17T10:58:19 EDT" name="f" finished-at="2021-04-17T10:58:19 EDT" duration-ms="782" status="PASS">
          <reporter-output>
          </reporter-output>
        </test-method> <!-- f -->
        <test-method is-config="true" signature="afterClass()[pri:0, instance:AmazonRgressionSteps.Amazonofsign@2f112965]" started-at="2021-04-17T10:58:20 EDT" name="afterClass" finished-at="2021-04-17T10:58:26 EDT" duration-ms="6001" status="PASS">
          <reporter-output>
          </reporter-output>
        </test-method> <!-- afterClass -->
      </class> <!-- AmazonRgressionSteps.Amazonofsign -->
    </test> <!-- functionsofchrome -->
  </suite> <!-- Adhoc -->
</testng-results>
