<?xml version="1.0" encoding="UTF-8"?>
<!-- Generated by org.testng.reporters.JUnitXMLReporter -->
<testsuite ignored="0" hostname="DESKTOP-TQ5Q620" failures="0" tests="3" name="functionsofchrome" time="12.093" errors="0" timestamp="2021-04-17T10:58:26 EDT">
  <testcase classname="AmazonRgressionSteps.Amazonofsign" name="Adhocofexexution" time="0.027"/>
  <testcase classname="AmazonRgressionSteps.Amazonofsign" name="Regression" time="0.001"/>
  <testcase classname="AmazonRgressionSteps.Amazonofsign" name="f" time="0.782"/>
</testsuite> <!-- functionsofchrome -->
