<?xml version="1.0" encoding="UTF-8"?>
<!-- Generated by org.testng.reporters.JUnitXMLReporter -->
<testsuite ignored="0" hostname="DESKTOP-TQ5Q620" failures="0" tests="4" name="functionsofedge" time="55.895" errors="0" timestamp="2021-04-11T10:36:39 EDT">
  <testcase classname="AmazonRgressionSteps.AmazonRgressionAscript" name="f" time="11.815"/>
  <testcase classname="Com.pages.AmazonRgressionAscript" name="f" time="8.399"/>
  <testcase classname="AmazonRgressionSteps.AmazonRgressionAscript" name="ConfirmationOfText" time="0.043"/>
  <testcase classname="Com.pages.AmazonRgressionAscript" name="ConfirmationOfText" time="0.024"/>
</testsuite> <!-- functionsofedge -->
